info: Conectados a la Base de datos
info: Conectados a la Base de datos
info: Usuario autenticado correctamente
info: Perfil del usuario obtenido correctamente
error: Error al renderizar los productos:
info: Usuario cerró sesión correctamente
info: Usuario autenticado correctamente
info: Perfil del usuario obtenido correctamente
error: Error al renderizar los productos:
info: Conectados a la Base de datos
info: Conectados a la Base de datos
info: Conectados a la Base de datos
info: Productos renderizados correctamente
info: Conectados a la Base de datos
info: Conectados a la Base de datos
info: Usuario autenticado correctamente
info: Perfil del usuario obtenido correctamente
info: Productos renderizados correctamente
info: Conectados a la Base de datos
info: Usuario autenticado correctamente
info: Perfil del usuario obtenido correctamente
info: Usuario autenticado correctamente
info: Perfil del usuario obtenido correctamente
info: Productos renderizados correctamente
info: Conectados a la Base de datos
info: Conectados a la Base de datos
info: Conectados a la Base de datos
info: Conectados a la Base de datos
info: Conectados a la Base de datos
info: Conectados a la Base de datos
info: Conectados a la Base de datos
info: Conectados a la Base de datos
info: Conectados a la Base de datos
info: Conectados a la Base de datos
info: Conectados a la Base de datos
info: Conectados a la Base de datos
info: Conectados a la Base de datos
info: Conectados a la Base de datos
info: Conectados a la Base de datos
info: Conectados a la Base de datos
info: Conectados a la Base de datos
info: Conectados a la Base de datos
info: Conectados a la Base de datos
info: Conectados a la Base de datos
info: Conectados a la Base de datos
info: Conectados a la Base de datos
info: Conectados a la Base de datos
info: Conectados a la Base de datos
info: Conectados a la Base de datos
info: Conectados a la Base de datos
info: Conectados a la Base de datos
info: Conectados a la Base de datos
info: Usuario registrado correctamente
info: Perfil del usuario obtenido correctamente
info: Productos renderizados correctamente
info: Perfil del usuario obtenido correctamente
info: Productos renderizados correctamente
info: Perfil del usuario obtenido correctamente
info: Perfil del usuario obtenido correctamente
info: Perfil del usuario obtenido correctamente
info: Productos renderizados correctamente
info: Perfil del usuario obtenido correctamente
info: Productos renderizados correctamente
info: Conectados a la Base de datos
info: Productos renderizados correctamente
info: Perfil del usuario obtenido correctamente
info: Productos renderizados correctamente
info: Perfil del usuario obtenido correctamente
info: Productos renderizados correctamente
info: Conectados a la Base de datos
info: Productos renderizados correctamente
